빌드 시작: 2017-03-14 오후 6:59:10
     1>2 노드의 "C:\Users\park\documents\visual studio 2012\Projects\Graph1\Graph1\Graph1.vcxproj" 프로젝트(Build 대상)입니다.
     1>ClCompile:
         C:\Program Files (x86)\Microsoft Visual Studio 11.0\VC\bin\CL.exe /c /ZI /nologo /W3 /WX- /Od /Oy- /D _MBCS /Gm /EHsc /RTC1 /MDd /GS /fp:precise /Zc:wchar_t /Zc:forScope /Fo"Debug\\" /Fd"Debug\vc110.pdb" /Gd /TP /analyze- /errorReport:prompt Adjcency_grpah.cpp Statenode.cpp main.cpp
         Statenode.cpp
         Adjcency_grpah.cpp
     1>c:\users\park\documents\visual studio 2012\projects\graph1\graph1\adjcency_grpah.cpp(12): warning C4018: '<' : signed 또는 unsigned가 일치하지 않습니다.
     1>c:\users\park\documents\visual studio 2012\projects\graph1\graph1\adjcency_grpah.cpp(54): warning C4018: '<' : signed 또는 unsigned가 일치하지 않습니다.
         코드를 생성하고 있습니다...
         컴파일하고 있습니다...
         main.cpp
         코드를 생성하고 있습니다...
       Link:
         C:\Program Files (x86)\Microsoft Visual Studio 11.0\VC\bin\link.exe /ERRORREPORT:PROMPT /OUT:"C:\Users\park\documents\visual studio 2012\Projects\Graph1\Debug\Graph1.exe" /INCREMENTAL /NOLOGO kernel32.lib user32.lib gdi32.lib winspool.lib comdlg32.lib advapi32.lib shell32.lib ole32.lib oleaut32.lib uuid.lib odbc32.lib odbccp32.lib /MANIFEST /MANIFESTUAC:"level='asInvoker' uiAccess='false'" /manifest:embed /DEBUG /PDB:"C:\Users\park\documents\visual studio 2012\Projects\Graph1\Debug\Graph1.pdb" /SUBSYSTEM:CONSOLE /TLBID:1 /DYNAMICBASE /NXCOMPAT /IMPLIB:"C:\Users\park\documents\visual studio 2012\Projects\Graph1\Debug\Graph1.lib" /MACHINE:X86 Debug\Adjcency_grpah.obj
         Debug\main.obj
         Debug\Statenode.obj
         Graph1.vcxproj -> C:\Users\park\documents\visual studio 2012\Projects\Graph1\Debug\Graph1.exe
     1>"C:\Users\park\documents\visual studio 2012\Projects\Graph1\Graph1\Graph1.vcxproj" 프로젝트를 빌드했습니다(Build 대상).

빌드했습니다.

경과 시간: 00:00:13.68
